app/build/intermediates/manifest_merge_blame_file/release/processReleaseMainManifest/manifest-merger-blame-release-report.txt
1<?xml version="1.0" encoding="utf-8"?>
2<manifest xmlns:android="http://schemas.android.com/apk/res/android"
3    package="com.example.scrolltracker"
4    android:versionCode="1"
5    android:versionName="1.0" >
6
7    <uses-sdk
8        android:minSdkVersion="24"
9        android:targetSdkVersion="34" />
10
11    <uses-permission android:name="android.permission.FOREGROUND_SERVICE" />
11-->src\main\AndroidManifest.xml:5:5-77
11-->src\main\AndroidManifest.xml:5:22-74
12    <uses-permission android:name="android.permission.FOREGROUND_SERVICE_SPECIAL_USE" />
12-->src\main\AndroidManifest.xml:6:5-89
12-->src\main\AndroidManifest.xml:6:22-86
13    <uses-permission android:name="android.permission.POST_NOTIFICATIONS" />
13-->src\main\AndroidManifest.xml:7:5-77
13-->src\main\AndroidManifest.xml:7:22-74
14
15    <permission
15-->[androidx.core:core:1.12.0] AndroidManifest.xml:22:5-24:47
16        android:name="com.example.scrolltracker.DYNAMIC_RECEIVER_NOT_EXPORTED_PERMISSION"
16-->[androidx.core:core:1.12.0] AndroidManifest.xml:23:9-81
17        android:protectionLevel="signature" />
17-->[androidx.core:core:1.12.0] AndroidManifest.xml:24:9-44
18
19    <uses-permission android:name="com.example.scrolltracker.DYNAMIC_RECEIVER_NOT_EXPORTED_PERMISSION" />
19-->[androidx.core:core:1.12.0] AndroidManifest.xml:26:5-97
19-->[androidx.core:core:1.12.0] AndroidManifest.xml:26:22-94
20
21    <application
21-->src\main\AndroidManifest.xml:9:5-45:19
22        android:allowBackup="true"
22-->src\main\AndroidManifest.xml:10:9-35
23        android:appComponentFactory="androidx.core.app.CoreComponentFactory"
23-->[androidx.core:core:1.12.0] AndroidManifest.xml:28:18-86
24        android:extractNativeLibs="false"
25        android:label="@string/app_name"
25-->src\main\AndroidManifest.xml:11:9-41
26        android:supportsRtl="true"
26-->src\main\AndroidManifest.xml:12:9-35
27        android:theme="@style/Theme.ScrollTracker" >
27-->src\main\AndroidManifest.xml:13:9-51
28        <activity
28-->src\main\AndroidManifest.xml:15:9-22:20
29            android:name="com.example.scrolltracker.ui.MainActivity"
29-->src\main\AndroidManifest.xml:16:13-44
30            android:exported="true" >
30-->src\main\AndroidManifest.xml:17:13-36
31            <intent-filter>
31-->src\main\AndroidManifest.xml:18:13-21:29
32                <action android:name="android.intent.action.MAIN" />
32-->src\main\AndroidManifest.xml:19:17-69
32-->src\main\AndroidManifest.xml:19:25-66
33
34                <category android:name="android.intent.category.LAUNCHER" />
34-->src\main\AndroidManifest.xml:20:17-77
34-->src\main\AndroidManifest.xml:20:27-74
35            </intent-filter>
36        </activity>
37        <activity
37-->src\main\AndroidManifest.xml:24:9-27:40
38            android:name="com.example.scrolltracker.ui.SettingsActivity"
38-->src\main\AndroidManifest.xml:25:13-48
39            android:exported="false"
39-->src\main\AndroidManifest.xml:26:13-37
40            android:label="Settings" />
40-->src\main\AndroidManifest.xml:27:13-37
41
42        <service
42-->src\main\AndroidManifest.xml:29:9-44:19
43            android:name="com.example.scrolltracker.service.ScrollAccessibilityService"
43-->src\main\AndroidManifest.xml:30:13-63
44            android:exported="true"
44-->src\main\AndroidManifest.xml:31:13-36
45            android:foregroundServiceType="specialUse"
45-->src\main\AndroidManifest.xml:32:13-55
46            android:label="@string/accessibility_service_name"
46-->src\main\AndroidManifest.xml:33:13-63
47            android:permission="android.permission.BIND_ACCESSIBILITY_SERVICE" >
47-->src\main\AndroidManifest.xml:34:13-79
48            <intent-filter>
48-->src\main\AndroidManifest.xml:35:13-37:29
49                <action android:name="android.accessibilityservice.AccessibilityService" />
49-->src\main\AndroidManifest.xml:36:17-92
49-->src\main\AndroidManifest.xml:36:25-89
50            </intent-filter>
51
52            <meta-data
52-->src\main\AndroidManifest.xml:38:13-40:72
53                android:name="android.accessibilityservice"
53-->src\main\AndroidManifest.xml:39:17-60
54                android:resource="@xml/accessibility_service_config" />
54-->src\main\AndroidManifest.xml:40:17-69
55
56            <property
56-->src\main\AndroidManifest.xml:41:13-43:71
57                android:name="android.app.PROPERTY_SPECIAL_USE_FGS_SUBTYPE"
57-->src\main\AndroidManifest.xml:42:17-76
58                android:value="Track scrolling behavior over time." />
58-->src\main\AndroidManifest.xml:43:17-68
59        </service>
60
61        <provider
61-->[androidx.emoji2:emoji2:1.2.0] AndroidManifest.xml:24:9-32:20
62            android:name="androidx.startup.InitializationProvider"
62-->[androidx.emoji2:emoji2:1.2.0] AndroidManifest.xml:25:13-67
63            android:authorities="com.example.scrolltracker.androidx-startup"
63-->[androidx.emoji2:emoji2:1.2.0] AndroidManifest.xml:26:13-68
64            android:exported="false" >
64-->[androidx.emoji2:emoji2:1.2.0] AndroidManifest.xml:27:13-37
65            <meta-data
65-->[androidx.emoji2:emoji2:1.2.0] AndroidManifest.xml:29:13-31:52
66                android:name="androidx.emoji2.text.EmojiCompatInitializer"
66-->[androidx.emoji2:emoji2:1.2.0] AndroidManifest.xml:30:17-75
67                android:value="androidx.startup" />
67-->[androidx.emoji2:emoji2:1.2.0] AndroidManifest.xml:31:17-49
68            <meta-data
68-->[androidx.lifecycle:lifecycle-process:2.6.2] AndroidManifest.xml:29:13-31:52
69                android:name="androidx.lifecycle.ProcessLifecycleInitializer"
69-->[androidx.lifecycle:lifecycle-process:2.6.2] AndroidManifest.xml:30:17-78
70                android:value="androidx.startup" />
70-->[androidx.lifecycle:lifecycle-process:2.6.2] AndroidManifest.xml:31:17-49
71            <meta-data
71-->[androidx.profileinstaller:profileinstaller:1.3.0] AndroidManifest.xml:29:13-31:52
72                android:name="androidx.profileinstaller.ProfileInstallerInitializer"
72-->[androidx.profileinstaller:profileinstaller:1.3.0] AndroidManifest.xml:30:17-85
73                android:value="androidx.startup" />
73-->[androidx.profileinstaller:profileinstaller:1.3.0] AndroidManifest.xml:31:17-49
74        </provider>
75
76        <receiver
76-->[androidx.profileinstaller:profileinstaller:1.3.0] AndroidManifest.xml:34:9-52:20
77            android:name="androidx.profileinstaller.ProfileInstallReceiver"
77-->[androidx.profileinstaller:profileinstaller:1.3.0] AndroidManifest.xml:35:13-76
78            android:directBootAware="false"
78-->[androidx.profileinstaller:profileinstaller:1.3.0] AndroidManifest.xml:36:13-44
79            android:enabled="true"
79-->[androidx.profileinstaller:profileinstaller:1.3.0] AndroidManifest.xml:37:13-35
80            android:exported="true"
80-->[androidx.profileinstaller:profileinstaller:1.3.0] AndroidManifest.xml:38:13-36
81            android:permission="android.permission.DUMP" >
81-->[androidx.profileinstaller:profileinstaller:1.3.0] AndroidManifest.xml:39:13-57
82            <intent-filter>
82-->[androidx.profileinstaller:profileinstaller:1.3.0] AndroidManifest.xml:40:13-42:29
83                <action android:name="androidx.profileinstaller.action.INSTALL_PROFILE" />
83-->[androidx.profileinstaller:profileinstaller:1.3.0] AndroidManifest.xml:41:17-91
83-->[androidx.profileinstaller:profileinstaller:1.3.0] AndroidManifest.xml:41:25-88
84            </intent-filter>
85            <intent-filter>
85-->[androidx.profileinstaller:profileinstaller:1.3.0] AndroidManifest.xml:43:13-45:29
86                <action android:name="androidx.profileinstaller.action.SKIP_FILE" />
86-->[androidx.profileinstaller:profileinstaller:1.3.0] AndroidManifest.xml:44:17-85
86-->[androidx.profileinstaller:profileinstaller:1.3.0] AndroidManifest.xml:44:25-82
87            </intent-filter>
88            <intent-filter>
88-->[androidx.profileinstaller:profileinstaller:1.3.0] AndroidManifest.xml:46:13-48:29
89                <action android:name="androidx.profileinstaller.action.SAVE_PROFILE" />
89-->[androidx.profileinstaller:profileinstaller:1.3.0] AndroidManifest.xml:47:17-88
89-->[androidx.profileinstaller:profileinstaller:1.3.0] AndroidManifest.xml:47:25-85
90            </intent-filter>
91            <intent-filter>
91-->[androidx.profileinstaller:profileinstaller:1.3.0] AndroidManifest.xml:49:13-51:29
92                <action android:name="androidx.profileinstaller.action.BENCHMARK_OPERATION" />
92-->[androidx.profileinstaller:profileinstaller:1.3.0] AndroidManifest.xml:50:17-95
92-->[androidx.profileinstaller:profileinstaller:1.3.0] AndroidManifest.xml:50:25-92
93            </intent-filter>
94        </receiver>
95    </application>
96
97</manifest>